0 info it worked if it ends with ok
1 verbose cli [ '/Users/yanpeipan/.nvm/versions/node/v5.10.0/bin/node',
1 verbose cli   '/Users/yanpeipan/.nvm/versions/node/v5.10.0/bin/npm',
1 verbose cli   'publish' ]
2 info using npm@3.8.3
3 info using node@v5.10.0
4 verbose publish [ '.' ]
5 silly cache add args [ '.', null ]
6 verbose cache add spec .
7 silly cache add parsed spec Result {
7 silly cache add   raw: '.',
7 silly cache add   scope: null,
7 silly cache add   name: null,
7 silly cache add   rawSpec: '.',
7 silly cache add   spec: '/Users/yanpeipan/RN_dnxc/node_modules/react-native-baidu-hud',
7 silly cache add   type: 'directory' }
8 verbose addLocalDirectory /Users/yanpeipan/.npm/react-native-baidu-hud/0.0.4/package.tgz not in flight; packing
9 verbose correctMkdir /Users/yanpeipan/.npm correctMkdir not in flight; initializing
10 info lifecycle react-native-baidu-hud@0.0.4~prepublish: react-native-baidu-hud@0.0.4
11 silly lifecycle react-native-baidu-hud@0.0.4~prepublish: no script for prepublish, continuing
12 verbose tar pack [ '/Users/yanpeipan/.npm/react-native-baidu-hud/0.0.4/package.tgz',
12 verbose tar pack   '/Users/yanpeipan/RN_dnxc/node_modules/react-native-baidu-hud' ]
13 verbose tarball /Users/yanpeipan/.npm/react-native-baidu-hud/0.0.4/package.tgz
14 verbose folder /Users/yanpeipan/RN_dnxc/node_modules/react-native-baidu-hud
15 verbose addLocalTarball adding from inside cache /Users/yanpeipan/.npm/react-native-baidu-hud/0.0.4/package.tgz
16 verbose correctMkdir /Users/yanpeipan/.npm correctMkdir not in flight; initializing
17 silly cache afterAdd react-native-baidu-hud@0.0.4
18 verbose afterAdd /Users/yanpeipan/.npm/react-native-baidu-hud/0.0.4/package/package.json not in flight; writing
19 verbose correctMkdir /Users/yanpeipan/.npm correctMkdir not in flight; initializing
20 verbose afterAdd /Users/yanpeipan/.npm/react-native-baidu-hud/0.0.4/package/package.json written
21 silly publish { name: 'react-native-baidu-hud',
21 silly publish   version: '0.0.4',
21 silly publish   keywords: [ 'react-native' ],
21 silly publish   readme: 'ERROR: No README data found!',
21 silly publish   _id: 'react-native-baidu-hud@0.0.4',
21 silly publish   scripts: {},
21 silly publish   _shasum: '5d28c81a3b9cf0a40d6cf0c148b570bdb1805a3f',
21 silly publish   _from: '.' }
22 verbose getPublishConfig undefined
23 silly mapToRegistry name react-native-baidu-hud
24 silly mapToRegistry using default registry
25 silly mapToRegistry registry https://registry.npmjs.org/
26 silly mapToRegistry data Result {
26 silly mapToRegistry   raw: 'react-native-baidu-hud',
26 silly mapToRegistry   scope: null,
26 silly mapToRegistry   name: 'react-native-baidu-hud',
26 silly mapToRegistry   rawSpec: '',
26 silly mapToRegistry   spec: 'latest',
26 silly mapToRegistry   type: 'tag' }
27 silly mapToRegistry uri https://registry.npmjs.org/react-native-baidu-hud
28 verbose publish registryBase https://registry.npmjs.org/
29 silly publish uploading /Users/yanpeipan/.npm/react-native-baidu-hud/0.0.4/package.tgz
30 verbose request uri https://registry.npmjs.org/react-native-baidu-hud
31 verbose request sending authorization for write operation
32 info attempt registry request try #1 at 16:51:10
33 verbose request using bearer token for auth
34 verbose request id 5498a1978b24eabb
35 http request PUT https://registry.npmjs.org/react-native-baidu-hud
36 http 403 https://registry.npmjs.org/react-native-baidu-hud
37 verbose headers { 'content-type': 'application/json',
37 verbose headers   'cache-control': 'max-age=300',
37 verbose headers   'content-length': '95',
37 verbose headers   'accept-ranges': 'bytes',
37 verbose headers   date: 'Thu, 21 Jul 2016 08:51:28 GMT',
37 verbose headers   via: '1.1 varnish',
37 verbose headers   connection: 'keep-alive',
37 verbose headers   'x-served-by': 'cache-itm7423-ITM',
37 verbose headers   'x-cache': 'MISS',
37 verbose headers   'x-cache-hits': '0',
37 verbose headers   'x-timer': 'S1469091072.671565,VS0,VE15699',
37 verbose headers   vary: 'Accept-Encoding' }
38 verbose request invalidating /Users/yanpeipan/.npm/registry.npmjs.org/react-native-baidu-hud on PUT
39 error publish Failed PUT 403
40 verbose stack Error: "You cannot publish over the previously published version 0.0.4." : react-native-baidu-hud
40 verbose stack     at makeError (/Users/yanpeipan/.nvm/versions/node/v5.10.0/lib/node_modules/npm/node_modules/npm-registry-client/lib/request.js:264:12)
40 verbose stack     at CachingRegistryClient.<anonymous> (/Users/yanpeipan/.nvm/versions/node/v5.10.0/lib/node_modules/npm/node_modules/npm-registry-client/lib/request.js:252:14)
40 verbose stack     at Request._callback (/Users/yanpeipan/.nvm/versions/node/v5.10.0/lib/node_modules/npm/node_modules/npm-registry-client/lib/request.js:172:14)
40 verbose stack     at Request.self.callback (/Users/yanpeipan/.nvm/versions/node/v5.10.0/lib/node_modules/npm/node_modules/request/request.js:199:22)
40 verbose stack     at emitTwo (events.js:100:13)
40 verbose stack     at Request.emit (events.js:185:7)
40 verbose stack     at Request.<anonymous> (/Users/yanpeipan/.nvm/versions/node/v5.10.0/lib/node_modules/npm/node_modules/request/request.js:1036:10)
40 verbose stack     at emitOne (events.js:95:20)
40 verbose stack     at Request.emit (events.js:182:7)
40 verbose stack     at IncomingMessage.<anonymous> (/Users/yanpeipan/.nvm/versions/node/v5.10.0/lib/node_modules/npm/node_modules/request/request.js:963:12)
41 verbose statusCode 403
42 verbose pkgid react-native-baidu-hud
43 verbose cwd /Users/yanpeipan/RN_dnxc/node_modules/react-native-baidu-hud
44 error Darwin 15.5.0
45 error argv "/Users/yanpeipan/.nvm/versions/node/v5.10.0/bin/node" "/Users/yanpeipan/.nvm/versions/node/v5.10.0/bin/npm" "publish"
46 error node v5.10.0
47 error npm  v3.8.3
48 error code E403
49 error "You cannot publish over the previously published version 0.0.4." : react-native-baidu-hud
50 error If you need help, you may report this error at:
50 error     <https://github.com/npm/npm/issues>
51 verbose exit [ 1, true ]
